Started GET "/policies/1" for 172.24.0.6 at 2024-02-23 22:04:05 +0000
Cannot render console from 172.24.0.6! Allowed networks: 127.0.0.0/127.255.255.255, ::1
  [1m[36mActiveRecord::SchemaMigration Pluck (0.7ms)[0m  [1m[34mSELECT "schema_migrations"."version" FROM "schema_migrations" ORDER BY "schema_migrations"."version" ASC[0m
Processing by PoliciesController#show as */*
  Parameters: {"id"=>"1"}
  [1m[36mPolicy Load (0.2ms)[0m  [1m[34mSELECT "policies".* FROM "policies" WHERE "policies"."id" = $1 LIMIT $2[0m  [["id", 1], ["LIMIT", 1]]
  ↳ app/controllers/policies_controller.rb:3:in `show'
  [1m[36mAssured Load (0.2ms)[0m  [1m[34mSELECT "assureds".* FROM "assureds" WHERE "assureds"."id" = $1 LIMIT $2[0m  [["id", 1], ["LIMIT", 1]]
  ↳ app/controllers/policies_controller.rb:15:in `success'
  [1m[36mVehicle Load (0.2ms)[0m  [1m[34mSELECT "vehicles".* FROM "vehicles" WHERE "vehicles"."id" = $1 LIMIT $2[0m  [["id", 1], ["LIMIT", 1]]
  ↳ app/controllers/policies_controller.rb:19:in `success'
Completed 200 OK in 38ms (Views: 0.3ms | ActiveRecord: 6.5ms | Allocations: 25841)


Started GET "/policies/2" for 172.24.0.6 at 2024-02-23 22:04:08 +0000
Cannot render console from 172.24.0.6! Allowed networks: 127.0.0.0/127.255.255.255, ::1
Processing by PoliciesController#show as */*
  Parameters: {"id"=>"2"}
  [1m[36mPolicy Load (0.6ms)[0m  [1m[34mSELECT "policies".* FROM "policies" WHERE "policies"."id" = $1 LIMIT $2[0m  [["id", 2], ["LIMIT", 1]]
  ↳ app/controllers/policies_controller.rb:3:in `show'
Completed 500 Internal Server Error in 3ms (ActiveRecord: 0.6ms | Allocations: 1005)


  
NoMethodError (undefined method `id' for nil:NilClass):
  
app/controllers/policies_controller.rb:11:in `success'
app/controllers/policies_controller.rb:4:in `show'
  [1m[36mTRANSACTION (0.2ms)[0m  [1m[35mBEGIN[0m
  ↳ app/workers/policy_worker.rb:14:in `work'
  [1m[36mAssured Create (0.5ms)[0m  [1m[32mINSERT INTO "assureds" ("name", "cpf", "created_at", "updated_at") VALUES ($1, $2, $3, $4) RETURNING "id"[0m  [["name", "José Hernandes"], ["cpf", "554.074.900-64"], ["created_at", "2024-02-23 22:04:19.658367"], ["updated_at", "2024-02-23 22:04:19.658367"]]
  ↳ app/workers/policy_worker.rb:14:in `work'
  [1m[36mTRANSACTION (0.7ms)[0m  [1m[35mCOMMIT[0m
  ↳ app/workers/policy_worker.rb:14:in `work'
  [1m[36mTRANSACTION (0.5ms)[0m  [1m[35mBEGIN[0m
  ↳ app/workers/policy_worker.rb:15:in `work'
  [1m[36mVehicle Create (0.5ms)[0m  [1m[32mINSERT INTO "vehicles" ("brand", "model", "year", "plate", "created_at", "updated_at") VALUES ($1, $2, $3, $4, $5, $6) RETURNING "id"[0m  [["brand", "BMW"], ["model", "M1"], ["year", "2015"], ["plate", "ZFS-1453"], ["created_at", "2024-02-23 22:04:19.674743"], ["updated_at", "2024-02-23 22:04:19.674743"]]
  ↳ app/workers/policy_worker.rb:15:in `work'
  [1m[36mTRANSACTION (0.1ms)[0m  [1m[35mCOMMIT[0m
  ↳ app/workers/policy_worker.rb:15:in `work'
  [1m[36mTRANSACTION (0.2ms)[0m  [1m[35mBEGIN[0m
  ↳ app/workers/policy_worker.rb:16:in `work'
  [1m[36mPolicy Create (0.9ms)[0m  [1m[32mINSERT INTO "policies" ("issue_date", "coverage_end", "assured_id", "vehicle_id", "created_at", "updated_at") VALUES ($1, $2, $3, $4, $5, $6) RETURNING "id"[0m  [["issue_date", "2019-03-12"], ["coverage_end", "2020-05-12"], ["assured_id", 2], ["vehicle_id", 2], ["created_at", "2024-02-23 22:04:19.689136"], ["updated_at", "2024-02-23 22:04:19.689136"]]
  ↳ app/workers/policy_worker.rb:16:in `work'
  [1m[36mTRANSACTION (0.5ms)[0m  [1m[35mCOMMIT[0m
  ↳ app/workers/policy_worker.rb:16:in `work'
Started GET "/policies/2" for 172.24.0.6 at 2024-02-23 22:04:23 +0000
Cannot render console from 172.24.0.6! Allowed networks: 127.0.0.0/127.255.255.255, ::1
Processing by PoliciesController#show as */*
  Parameters: {"id"=>"2"}
  [1m[36mPolicy Load (0.3ms)[0m  [1m[34mSELECT "policies".* FROM "policies" WHERE "policies"."id" = $1 LIMIT $2[0m  [["id", 2], ["LIMIT", 1]]
  ↳ app/controllers/policies_controller.rb:3:in `show'
  [1m[36mAssured Load (0.3ms)[0m  [1m[34mSELECT "assureds".* FROM "assureds" WHERE "assureds"."id" = $1 LIMIT $2[0m  [["id", 2], ["LIMIT", 1]]
  ↳ app/controllers/policies_controller.rb:15:in `success'
  [1m[36mVehicle Load (0.2ms)[0m  [1m[34mSELECT "vehicles".* FROM "vehicles" WHERE "vehicles"."id" = $1 LIMIT $2[0m  [["id", 2], ["LIMIT", 1]]
  ↳ app/controllers/policies_controller.rb:19:in `success'
Completed 200 OK in 5ms (Views: 0.1ms | ActiveRecord: 0.8ms | Allocations: 2025)


Started GET "/policies/2" for 172.24.0.6 at 2024-02-23 22:04:26 +0000
Cannot render console from 172.24.0.6! Allowed networks: 127.0.0.0/127.255.255.255, ::1
Processing by PoliciesController#show as */*
  Parameters: {"id"=>"2"}
  [1m[36mPolicy Load (0.5ms)[0m  [1m[34mSELECT "policies".* FROM "policies" WHERE "policies"."id" = $1 LIMIT $2[0m  [["id", 2], ["LIMIT", 1]]
  ↳ app/controllers/policies_controller.rb:3:in `show'
  [1m[36mAssured Load (0.4ms)[0m  [1m[34mSELECT "assureds".* FROM "assureds" WHERE "assureds"."id" = $1 LIMIT $2[0m  [["id", 2], ["LIMIT", 1]]
  ↳ app/controllers/policies_controller.rb:15:in `success'
  [1m[36mVehicle Load (0.8ms)[0m  [1m[34mSELECT "vehicles".* FROM "vehicles" WHERE "vehicles"."id" = $1 LIMIT $2[0m  [["id", 2], ["LIMIT", 1]]
  ↳ app/controllers/policies_controller.rb:19:in `success'
Completed 200 OK in 10ms (Views: 0.2ms | ActiveRecord: 1.7ms | Allocations: 2010)


Started GET "/policies/2" for 172.24.0.6 at 2024-02-23 22:04:28 +0000
Cannot render console from 172.24.0.6! Allowed networks: 127.0.0.0/127.255.255.255, ::1
Processing by PoliciesController#show as */*
  Parameters: {"id"=>"2"}
  [1m[36mPolicy Load (0.3ms)[0m  [1m[34mSELECT "policies".* FROM "policies" WHERE "policies"."id" = $1 LIMIT $2[0m  [["id", 2], ["LIMIT", 1]]
  ↳ app/controllers/policies_controller.rb:3:in `show'
  [1m[36mAssured Load (0.3ms)[0m  [1m[34mSELECT "assureds".* FROM "assureds" WHERE "assureds"."id" = $1 LIMIT $2[0m  [["id", 2], ["LIMIT", 1]]
  ↳ app/controllers/policies_controller.rb:15:in `success'
  [1m[36mVehicle Load (0.3ms)[0m  [1m[34mSELECT "vehicles".* FROM "vehicles" WHERE "vehicles"."id" = $1 LIMIT $2[0m  [["id", 2], ["LIMIT", 1]]
  ↳ app/controllers/policies_controller.rb:19:in `success'
Completed 200 OK in 6ms (Views: 0.3ms | ActiveRecord: 0.9ms | Allocations: 2010)


Started GET "/policies/2" for 172.24.0.6 at 2024-02-23 22:04:28 +0000
Cannot render console from 172.24.0.6! Allowed networks: 127.0.0.0/127.255.255.255, ::1
Processing by PoliciesController#show as */*
  Parameters: {"id"=>"2"}
  [1m[36mPolicy Load (0.2ms)[0m  [1m[34mSELECT "policies".* FROM "policies" WHERE "policies"."id" = $1 LIMIT $2[0m  [["id", 2], ["LIMIT", 1]]
  ↳ app/controllers/policies_controller.rb:3:in `show'
  [1m[36mAssured Load (0.2ms)[0m  [1m[34mSELECT "assureds".* FROM "assureds" WHERE "assureds"."id" = $1 LIMIT $2[0m  [["id", 2], ["LIMIT", 1]]
  ↳ app/controllers/policies_controller.rb:15:in `success'
  [1m[36mVehicle Load (0.2ms)[0m  [1m[34mSELECT "vehicles".* FROM "vehicles" WHERE "vehicles"."id" = $1 LIMIT $2[0m  [["id", 2], ["LIMIT", 1]]
  ↳ app/controllers/policies_controller.rb:19:in `success'
Completed 200 OK in 5ms (Views: 0.2ms | ActiveRecord: 0.6ms | Allocations: 2010)


Started GET "/policies/3" for 172.24.0.6 at 2024-02-23 22:04:30 +0000
Cannot render console from 172.24.0.6! Allowed networks: 127.0.0.0/127.255.255.255, ::1
Processing by PoliciesController#show as */*
  Parameters: {"id"=>"3"}
  [1m[36mPolicy Load (0.2ms)[0m  [1m[34mSELECT "policies".* FROM "policies" WHERE "policies"."id" = $1 LIMIT $2[0m  [["id", 3], ["LIMIT", 1]]
  ↳ app/controllers/policies_controller.rb:3:in `show'
Completed 500 Internal Server Error in 2ms (ActiveRecord: 0.2ms | Allocations: 971)


  
NoMethodError (undefined method `id' for nil:NilClass):
  
app/controllers/policies_controller.rb:11:in `success'
app/controllers/policies_controller.rb:4:in `show'
Started GET "/policies/2" for 172.24.0.6 at 2024-02-23 22:04:35 +0000
Cannot render console from 172.24.0.6! Allowed networks: 127.0.0.0/127.255.255.255, ::1
Processing by PoliciesController#show as */*
  Parameters: {"id"=>"2"}
  [1m[36mPolicy Load (0.1ms)[0m  [1m[34mSELECT "policies".* FROM "policies" WHERE "policies"."id" = $1 LIMIT $2[0m  [["id", 2], ["LIMIT", 1]]
  ↳ app/controllers/policies_controller.rb:3:in `show'
  [1m[36mAssured Load (0.2ms)[0m  [1m[34mSELECT "assureds".* FROM "assureds" WHERE "assureds"."id" = $1 LIMIT $2[0m  [["id", 2], ["LIMIT", 1]]
  ↳ app/controllers/policies_controller.rb:15:in `success'
  [1m[36mVehicle Load (0.1ms)[0m  [1m[34mSELECT "vehicles".* FROM "vehicles" WHERE "vehicles"."id" = $1 LIMIT $2[0m  [["id", 2], ["LIMIT", 1]]
  ↳ app/controllers/policies_controller.rb:19:in `success'
Completed 200 OK in 3ms (Views: 0.1ms | ActiveRecord: 0.4ms | Allocations: 2022)


Started GET "/policies/2" for 172.24.0.6 at 2024-02-23 22:11:30 +0000
Cannot render console from 172.24.0.6! Allowed networks: 127.0.0.0/127.255.255.255, ::1
Processing by PoliciesController#show as */*
  Parameters: {"id"=>"2"}
  [1m[36mPolicy Load (0.2ms)[0m  [1m[34mSELECT "policies".* FROM "policies" WHERE "policies"."id" = $1 LIMIT $2[0m  [["id", 2], ["LIMIT", 1]]
  ↳ app/controllers/policies_controller.rb:3:in `show'
  [1m[36mAssured Load (0.1ms)[0m  [1m[34mSELECT "assureds".* FROM "assureds" WHERE "assureds"."id" = $1 LIMIT $2[0m  [["id", 2], ["LIMIT", 1]]
  ↳ app/controllers/policies_controller.rb:15:in `success'
  [1m[36mVehicle Load (0.1ms)[0m  [1m[34mSELECT "vehicles".* FROM "vehicles" WHERE "vehicles"."id" = $1 LIMIT $2[0m  [["id", 2], ["LIMIT", 1]]
  ↳ app/controllers/policies_controller.rb:19:in `success'
Completed 200 OK in 16ms (Views: 0.2ms | ActiveRecord: 3.6ms | Allocations: 4993)


  [1m[36mTRANSACTION (0.2ms)[0m  [1m[35mBEGIN[0m
  ↳ app/workers/policy_worker.rb:14:in `work'
  [1m[36mAssured Create (0.4ms)[0m  [1m[32mINSERT INTO "assureds" ("name", "cpf", "created_at", "updated_at") VALUES ($1, $2, $3, $4) RETURNING "id"[0m  [["name", "José Hernandes"], ["cpf", "554.074.900-64"], ["created_at", "2024-02-23 22:26:55.191204"], ["updated_at", "2024-02-23 22:26:55.191204"]]
  ↳ app/workers/policy_worker.rb:14:in `work'
  [1m[36mTRANSACTION (0.1ms)[0m  [1m[35mCOMMIT[0m
  ↳ app/workers/policy_worker.rb:14:in `work'
  [1m[36mTRANSACTION (0.1ms)[0m  [1m[35mBEGIN[0m
  ↳ app/workers/policy_worker.rb:15:in `work'
  [1m[36mVehicle Create (0.3ms)[0m  [1m[32mINSERT INTO "vehicles" ("brand", "model", "year", "plate", "created_at", "updated_at") VALUES ($1, $2, $3, $4, $5, $6) RETURNING "id"[0m  [["brand", "BMW"], ["model", "M1"], ["year", "2015"], ["plate", "ZFS-1453"], ["created_at", "2024-02-23 22:26:55.200872"], ["updated_at", "2024-02-23 22:26:55.200872"]]
  ↳ app/workers/policy_worker.rb:15:in `work'
  [1m[36mTRANSACTION (0.1ms)[0m  [1m[35mCOMMIT[0m
  ↳ app/workers/policy_worker.rb:15:in `work'
  [1m[36mTRANSACTION (0.1ms)[0m  [1m[35mBEGIN[0m
  ↳ app/workers/policy_worker.rb:16:in `work'
  [1m[36mPolicy Create (0.6ms)[0m  [1m[32mINSERT INTO "policies" ("issue_date", "coverage_end", "assured_id", "vehicle_id", "created_at", "updated_at") VALUES ($1, $2, $3, $4, $5, $6) RETURNING "id"[0m  [["issue_date", "2019-03-12"], ["coverage_end", "2020-05-12"], ["assured_id", 3], ["vehicle_id", 3], ["created_at", "2024-02-23 22:26:55.209281"], ["updated_at", "2024-02-23 22:26:55.209281"]]
  ↳ app/workers/policy_worker.rb:16:in `work'
  [1m[36mTRANSACTION (0.1ms)[0m  [1m[35mCOMMIT[0m
  ↳ app/workers/policy_worker.rb:16:in `work'
  [1m[36mTRANSACTION (0.1ms)[0m  [1m[35mBEGIN[0m
  ↳ app/workers/policy_worker.rb:14:in `work'
  [1m[36mAssured Create (0.4ms)[0m  [1m[32mINSERT INTO "assureds" ("name", "cpf", "created_at", "updated_at") VALUES ($1, $2, $3, $4) RETURNING "id"[0m  [["name", "José Hernandes"], ["cpf", "554.074.900-64"], ["created_at", "2024-02-23 22:27:22.100321"], ["updated_at", "2024-02-23 22:27:22.100321"]]
  ↳ app/workers/policy_worker.rb:14:in `work'
  [1m[36mTRANSACTION (0.1ms)[0m  [1m[35mCOMMIT[0m
  ↳ app/workers/policy_worker.rb:14:in `work'
  [1m[36mTRANSACTION (0.1ms)[0m  [1m[35mBEGIN[0m
  ↳ app/workers/policy_worker.rb:15:in `work'
  [1m[36mVehicle Create (0.3ms)[0m  [1m[32mINSERT INTO "vehicles" ("brand", "model", "year", "plate", "created_at", "updated_at") VALUES ($1, $2, $3, $4, $5, $6) RETURNING "id"[0m  [["brand", "BMW"], ["model", "M1"], ["year", "2015"], ["plate", "ZFS-1453"], ["created_at", "2024-02-23 22:27:22.108831"], ["updated_at", "2024-02-23 22:27:22.108831"]]
  ↳ app/workers/policy_worker.rb:15:in `work'
  [1m[36mTRANSACTION (0.1ms)[0m  [1m[35mCOMMIT[0m
  ↳ app/workers/policy_worker.rb:15:in `work'
  [1m[36mTRANSACTION (0.1ms)[0m  [1m[35mBEGIN[0m
  ↳ app/workers/policy_worker.rb:16:in `work'
  [1m[36mPolicy Create (0.5ms)[0m  [1m[32mINSERT INTO "policies" ("issue_date", "coverage_end", "assured_id", "vehicle_id", "created_at", "updated_at") VALUES ($1, $2, $3, $4, $5, $6) RETURNING "id"[0m  [["issue_date", "2019-03-12"], ["coverage_end", "2020-05-12"], ["assured_id", 4], ["vehicle_id", 4], ["created_at", "2024-02-23 22:27:22.116812"], ["updated_at", "2024-02-23 22:27:22.116812"]]
  ↳ app/workers/policy_worker.rb:16:in `work'
  [1m[36mTRANSACTION (0.1ms)[0m  [1m[35mCOMMIT[0m
  ↳ app/workers/policy_worker.rb:16:in `work'
  [1m[36mTRANSACTION (0.3ms)[0m  [1m[35mBEGIN[0m
  ↳ app/workers/policy_worker.rb:14:in `work'
  [1m[36mAssured Create (0.5ms)[0m  [1m[32mINSERT INTO "assureds" ("name", "cpf", "created_at", "updated_at") VALUES ($1, $2, $3, $4) RETURNING "id"[0m  [["name", "José Hernandes"], ["cpf", "554.074.900-64"], ["created_at", "2024-02-23 22:32:18.447311"], ["updated_at", "2024-02-23 22:32:18.447311"]]
  ↳ app/workers/policy_worker.rb:14:in `work'
  [1m[36mTRANSACTION (0.1ms)[0m  [1m[35mCOMMIT[0m
  ↳ app/workers/policy_worker.rb:14:in `work'
  [1m[36mTRANSACTION (0.1ms)[0m  [1m[35mBEGIN[0m
  ↳ app/workers/policy_worker.rb:15:in `work'
  [1m[36mVehicle Create (0.2ms)[0m  [1m[32mINSERT INTO "vehicles" ("brand", "model", "year", "plate", "created_at", "updated_at") VALUES ($1, $2, $3, $4, $5, $6) RETURNING "id"[0m  [["brand", "BMW"], ["model", "M1"], ["year", "2015"], ["plate", "ZFS-1453"], ["created_at", "2024-02-23 22:32:18.456630"], ["updated_at", "2024-02-23 22:32:18.456630"]]
  ↳ app/workers/policy_worker.rb:15:in `work'
  [1m[36mTRANSACTION (0.1ms)[0m  [1m[35mCOMMIT[0m
  ↳ app/workers/policy_worker.rb:15:in `work'
  [1m[36mTRANSACTION (0.1ms)[0m  [1m[35mBEGIN[0m
  ↳ app/workers/policy_worker.rb:16:in `work'
  [1m[36mPolicy Create (0.6ms)[0m  [1m[32mINSERT INTO "policies" ("issue_date", "coverage_end", "assured_id", "vehicle_id", "created_at", "updated_at") VALUES ($1, $2, $3, $4, $5, $6) RETURNING "id"[0m  [["issue_date", "2019-03-12"], ["coverage_end", "2020-05-12"], ["assured_id", 5], ["vehicle_id", 5], ["created_at", "2024-02-23 22:32:18.466251"], ["updated_at", "2024-02-23 22:32:18.466251"]]
  ↳ app/workers/policy_worker.rb:16:in `work'
  [1m[36mTRANSACTION (0.1ms)[0m  [1m[35mCOMMIT[0m
  ↳ app/workers/policy_worker.rb:16:in `work'
  [1m[36mTRANSACTION (0.1ms)[0m  [1m[35mBEGIN[0m
  ↳ app/workers/policy_worker.rb:14:in `work'
  [1m[36mAssured Create (0.5ms)[0m  [1m[32mINSERT INTO "assureds" ("name", "cpf", "created_at", "updated_at") VALUES ($1, $2, $3, $4) RETURNING "id"[0m  [["name", "José Hernandes"], ["cpf", "554.074.900-64"], ["created_at", "2024-02-23 22:32:20.831743"], ["updated_at", "2024-02-23 22:32:20.831743"]]
  ↳ app/workers/policy_worker.rb:14:in `work'
  [1m[36mTRANSACTION (0.3ms)[0m  [1m[35mCOMMIT[0m
  ↳ app/workers/policy_worker.rb:14:in `work'
  [1m[36mTRANSACTION (0.1ms)[0m  [1m[35mBEGIN[0m
  ↳ app/workers/policy_worker.rb:15:in `work'
  [1m[36mVehicle Create (0.3ms)[0m  [1m[32mINSERT INTO "vehicles" ("brand", "model", "year", "plate", "created_at", "updated_at") VALUES ($1, $2, $3, $4, $5, $6) RETURNING "id"[0m  [["brand", "BMW"], ["model", "M1"], ["year", "2015"], ["plate", "ZFS-1453"], ["created_at", "2024-02-23 22:32:20.835439"], ["updated_at", "2024-02-23 22:32:20.835439"]]
  ↳ app/workers/policy_worker.rb:15:in `work'
  [1m[36mTRANSACTION (0.1ms)[0m  [1m[35mCOMMIT[0m
  ↳ app/workers/policy_worker.rb:15:in `work'
  [1m[36mTRANSACTION (0.1ms)[0m  [1m[35mBEGIN[0m
  ↳ app/workers/policy_worker.rb:16:in `work'
  [1m[36mPolicy Create (0.5ms)[0m  [1m[32mINSERT INTO "policies" ("issue_date", "coverage_end", "assured_id", "vehicle_id", "created_at", "updated_at") VALUES ($1, $2, $3, $4, $5, $6) RETURNING "id"[0m  [["issue_date", "2019-03-12"], ["coverage_end", "2020-05-12"], ["assured_id", 6], ["vehicle_id", 6], ["created_at", "2024-02-23 22:32:20.837653"], ["updated_at", "2024-02-23 22:32:20.837653"]]
  ↳ app/workers/policy_worker.rb:16:in `work'
  [1m[36mTRANSACTION (0.1ms)[0m  [1m[35mCOMMIT[0m
  ↳ app/workers/policy_worker.rb:16:in `work'
  [1m[36mTRANSACTION (0.1ms)[0m  [1m[35mBEGIN[0m
  ↳ app/workers/policy_worker.rb:14:in `work'
  [1m[36mAssured Create (0.5ms)[0m  [1m[32mINSERT INTO "assureds" ("name", "cpf", "created_at", "updated_at") VALUES ($1, $2, $3, $4) RETURNING "id"[0m  [["name", "José Hernandes"], ["cpf", "554.074.900-64"], ["created_at", "2024-02-23 22:32:21.502545"], ["updated_at", "2024-02-23 22:32:21.502545"]]
  ↳ app/workers/policy_worker.rb:14:in `work'
  [1m[36mTRANSACTION (0.1ms)[0m  [1m[35mCOMMIT[0m
  ↳ app/workers/policy_worker.rb:14:in `work'
  [1m[36mTRANSACTION (0.1ms)[0m  [1m[35mBEGIN[0m
  ↳ app/workers/policy_worker.rb:15:in `work'
  [1m[36mVehicle Create (0.3ms)[0m  [1m[32mINSERT INTO "vehicles" ("brand", "model", "year", "plate", "created_at", "updated_at") VALUES ($1, $2, $3, $4, $5, $6) RETURNING "id"[0m  [["brand", "BMW"], ["model", "M1"], ["year", "2015"], ["plate", "ZFS-1453"], ["created_at", "2024-02-23 22:32:21.505619"], ["updated_at", "2024-02-23 22:32:21.505619"]]
  ↳ app/workers/policy_worker.rb:15:in `work'
  [1m[36mTRANSACTION (0.1ms)[0m  [1m[35mCOMMIT[0m
  ↳ app/workers/policy_worker.rb:15:in `work'
  [1m[36mTRANSACTION (0.1ms)[0m  [1m[35mBEGIN[0m
  ↳ app/workers/policy_worker.rb:16:in `work'
  [1m[36mPolicy Create (0.9ms)[0m  [1m[32mINSERT INTO "policies" ("issue_date", "coverage_end", "assured_id", "vehicle_id", "created_at", "updated_at") VALUES ($1, $2, $3, $4, $5, $6) RETURNING "id"[0m  [["issue_date", "2019-03-12"], ["coverage_end", "2020-05-12"], ["assured_id", 7], ["vehicle_id", 7], ["created_at", "2024-02-23 22:32:21.508255"], ["updated_at", "2024-02-23 22:32:21.508255"]]
  ↳ app/workers/policy_worker.rb:16:in `work'
  [1m[36mTRANSACTION (0.2ms)[0m  [1m[35mCOMMIT[0m
  ↳ app/workers/policy_worker.rb:16:in `work'
  [1m[36mTRANSACTION (0.1ms)[0m  [1m[35mBEGIN[0m
  ↳ app/workers/policy_worker.rb:14:in `work'
  [1m[36mAssured Create (0.8ms)[0m  [1m[32mINSERT INTO "assureds" ("name", "cpf", "created_at", "updated_at") VALUES ($1, $2, $3, $4) RETURNING "id"[0m  [["name", "José Hernandes"], ["cpf", "554.074.900-64"], ["created_at", "2024-02-23 22:32:21.849297"], ["updated_at", "2024-02-23 22:32:21.849297"]]
  ↳ app/workers/policy_worker.rb:14:in `work'
  [1m[36mTRANSACTION (0.1ms)[0m  [1m[35mCOMMIT[0m
  ↳ app/workers/policy_worker.rb:14:in `work'
  [1m[36mTRANSACTION (0.1ms)[0m  [1m[35mBEGIN[0m
  ↳ app/workers/policy_worker.rb:15:in `work'
  [1m[36mVehicle Create (0.3ms)[0m  [1m[32mINSERT INTO "vehicles" ("brand", "model", "year", "plate", "created_at", "updated_at") VALUES ($1, $2, $3, $4, $5, $6) RETURNING "id"[0m  [["brand", "BMW"], ["model", "M1"], ["year", "2015"], ["plate", "ZFS-1453"], ["created_at", "2024-02-23 22:32:21.852125"], ["updated_at", "2024-02-23 22:32:21.852125"]]
  ↳ app/workers/policy_worker.rb:15:in `work'
  [1m[36mTRANSACTION (0.1ms)[0m  [1m[35mCOMMIT[0m
  ↳ app/workers/policy_worker.rb:15:in `work'
  [1m[36mTRANSACTION (0.1ms)[0m  [1m[35mBEGIN[0m
  ↳ app/workers/policy_worker.rb:16:in `work'
  [1m[36mPolicy Create (0.6ms)[0m  [1m[32mINSERT INTO "policies" ("issue_date", "coverage_end", "assured_id", "vehicle_id", "created_at", "updated_at") VALUES ($1, $2, $3, $4, $5, $6) RETURNING "id"[0m  [["issue_date", "2019-03-12"], ["coverage_end", "2020-05-12"], ["assured_id", 8], ["vehicle_id", 8], ["created_at", "2024-02-23 22:32:21.854384"], ["updated_at", "2024-02-23 22:32:21.854384"]]
  ↳ app/workers/policy_worker.rb:16:in `work'
  [1m[36mTRANSACTION (0.1ms)[0m  [1m[35mCOMMIT[0m
  ↳ app/workers/policy_worker.rb:16:in `work'
  [1m[36mTRANSACTION (0.1ms)[0m  [1m[35mBEGIN[0m
  ↳ app/workers/policy_worker.rb:14:in `work'
  [1m[36mAssured Create (0.8ms)[0m  [1m[32mINSERT INTO "assureds" ("name", "cpf", "created_at", "updated_at") VALUES ($1, $2, $3, $4) RETURNING "id"[0m  [["name", "José Hernandes"], ["cpf", "554.074.900-64"], ["created_at", "2024-02-23 22:32:22.017338"], ["updated_at", "2024-02-23 22:32:22.017338"]]
  ↳ app/workers/policy_worker.rb:14:in `work'
  [1m[36mTRANSACTION (0.1ms)[0m  [1m[35mCOMMIT[0m
  ↳ app/workers/policy_worker.rb:14:in `work'
  [1m[36mTRANSACTION (0.1ms)[0m  [1m[35mBEGIN[0m
  ↳ app/workers/policy_worker.rb:15:in `work'
  [1m[36mVehicle Create (0.3ms)[0m  [1m[32mINSERT INTO "vehicles" ("brand", "model", "year", "plate", "created_at", "updated_at") VALUES ($1, $2, $3, $4, $5, $6) RETURNING "id"[0m  [["brand", "BMW"], ["model", "M1"], ["year", "2015"], ["plate", "ZFS-1453"], ["created_at", "2024-02-23 22:32:22.020524"], ["updated_at", "2024-02-23 22:32:22.020524"]]
  ↳ app/workers/policy_worker.rb:15:in `work'
  [1m[36mTRANSACTION (0.1ms)[0m  [1m[35mCOMMIT[0m
  ↳ app/workers/policy_worker.rb:15:in `work'
  [1m[36mTRANSACTION (0.1ms)[0m  [1m[35mBEGIN[0m
  ↳ app/workers/policy_worker.rb:16:in `work'
  [1m[36mPolicy Create (0.5ms)[0m  [1m[32mINSERT INTO "policies" ("issue_date", "coverage_end", "assured_id", "vehicle_id", "created_at", "updated_at") VALUES ($1, $2, $3, $4, $5, $6) RETURNING "id"[0m  [["issue_date", "2019-03-12"], ["coverage_end", "2020-05-12"], ["assured_id", 9], ["vehicle_id", 9], ["created_at", "2024-02-23 22:32:22.022443"], ["updated_at", "2024-02-23 22:32:22.022443"]]
  ↳ app/workers/policy_worker.rb:16:in `work'
  [1m[36mTRANSACTION (0.1ms)[0m  [1m[35mCOMMIT[0m
  ↳ app/workers/policy_worker.rb:16:in `work'
  [1m[36mTRANSACTION (0.1ms)[0m  [1m[35mBEGIN[0m
  ↳ app/workers/policy_worker.rb:14:in `work'
  [1m[36mAssured Create (0.6ms)[0m  [1m[32mINSERT INTO "assureds" ("name", "cpf", "created_at", "updated_at") VALUES ($1, $2, $3, $4) RETURNING "id"[0m  [["name", "José Hernandes"], ["cpf", "554.074.900-64"], ["created_at", "2024-02-23 22:32:22.160073"], ["updated_at", "2024-02-23 22:32:22.160073"]]
  ↳ app/workers/policy_worker.rb:14:in `work'
  [1m[36mTRANSACTION (0.2ms)[0m  [1m[35mCOMMIT[0m
  ↳ app/workers/policy_worker.rb:14:in `work'
  [1m[36mTRANSACTION (0.3ms)[0m  [1m[35mBEGIN[0m
  ↳ app/workers/policy_worker.rb:15:in `work'
  [1m[36mVehicle Create (0.4ms)[0m  [1m[32mINSERT INTO "vehicles" ("brand", "model", "year", "plate", "created_at", "updated_at") VALUES ($1, $2, $3, $4, $5, $6) RETURNING "id"[0m  [["brand", "BMW"], ["model", "M1"], ["year", "2015"], ["plate", "ZFS-1453"], ["created_at", "2024-02-23 22:32:22.162635"], ["updated_at", "2024-02-23 22:32:22.162635"]]
  ↳ app/workers/policy_worker.rb:15:in `work'
  [1m[36mTRANSACTION (0.3ms)[0m  [1m[35mCOMMIT[0m
  ↳ app/workers/policy_worker.rb:15:in `work'
  [1m[36mTRANSACTION (0.1ms)[0m  [1m[35mBEGIN[0m
  ↳ app/workers/policy_worker.rb:16:in `work'
  [1m[36mPolicy Create (0.6ms)[0m  [1m[32mINSERT INTO "policies" ("issue_date", "coverage_end", "assured_id", "vehicle_id", "created_at", "updated_at") VALUES ($1, $2, $3, $4, $5, $6) RETURNING "id"[0m  [["issue_date", "2019-03-12"], ["coverage_end", "2020-05-12"], ["assured_id", 10], ["vehicle_id", 10], ["created_at", "2024-02-23 22:32:22.166254"], ["updated_at", "2024-02-23 22:32:22.166254"]]
  ↳ app/workers/policy_worker.rb:16:in `work'
  [1m[36mTRANSACTION (0.1ms)[0m  [1m[35mCOMMIT[0m
  ↳ app/workers/policy_worker.rb:16:in `work'
  [1m[36mTRANSACTION (0.1ms)[0m  [1m[35mBEGIN[0m
  ↳ app/workers/policy_worker.rb:14:in `work'
  [1m[36mAssured Create (0.4ms)[0m  [1m[32mINSERT INTO "assureds" ("name", "cpf", "created_at", "updated_at") VALUES ($1, $2, $3, $4) RETURNING "id"[0m  [["name", "José Hernandes"], ["cpf", "554.074.900-64"], ["created_at", "2024-02-23 22:33:09.739824"], ["updated_at", "2024-02-23 22:33:09.739824"]]
  ↳ app/workers/policy_worker.rb:14:in `work'
  [1m[36mTRANSACTION (0.1ms)[0m  [1m[35mCOMMIT[0m
  ↳ app/workers/policy_worker.rb:14:in `work'
  [1m[36mTRANSACTION (0.1ms)[0m  [1m[35mBEGIN[0m
  ↳ app/workers/policy_worker.rb:15:in `work'
  [1m[36mVehicle Create (0.5ms)[0m  [1m[32mINSERT INTO "vehicles" ("brand", "model", "year", "plate", "created_at", "updated_at") VALUES ($1, $2, $3, $4, $5, $6) RETURNING "id"[0m  [["brand", "BMW"], ["model", "M1"], ["year", "2015"], ["plate", "ZFS-1453"], ["created_at", "2024-02-23 22:33:09.742058"], ["updated_at", "2024-02-23 22:33:09.742058"]]
  ↳ app/workers/policy_worker.rb:15:in `work'
  [1m[36mTRANSACTION (0.1ms)[0m  [1m[35mCOMMIT[0m
  ↳ app/workers/policy_worker.rb:15:in `work'
  [1m[36mTRANSACTION (0.1ms)[0m  [1m[35mBEGIN[0m
  ↳ app/workers/policy_worker.rb:16:in `work'
  [1m[36mPolicy Create (0.7ms)[0m  [1m[32mINSERT INTO "policies" ("issue_date", "coverage_end", "assured_id", "vehicle_id", "created_at", "updated_at") VALUES ($1, $2, $3, $4, $5, $6) RETURNING "id"[0m  [["issue_date", "2019-03-12"], ["coverage_end", "2020-05-12"], ["assured_id", 11], ["vehicle_id", 11], ["created_at", "2024-02-23 22:33:09.744765"], ["updated_at", "2024-02-23 22:33:09.744765"]]
  ↳ app/workers/policy_worker.rb:16:in `work'
  [1m[36mTRANSACTION (0.1ms)[0m  [1m[35mCOMMIT[0m
  ↳ app/workers/policy_worker.rb:16:in `work'
  [1m[36mTRANSACTION (0.1ms)[0m  [1m[35mBEGIN[0m
  ↳ app/workers/policy_worker.rb:14:in `work'
  [1m[36mAssured Create (0.4ms)[0m  [1m[32mINSERT INTO "assureds" ("name", "cpf", "created_at", "updated_at") VALUES ($1, $2, $3, $4) RETURNING "id"[0m  [["name", "José Hernandes"], ["cpf", "554.074.900-64"], ["created_at", "2024-02-23 22:33:23.368740"], ["updated_at", "2024-02-23 22:33:23.368740"]]
  ↳ app/workers/policy_worker.rb:14:in `work'
  [1m[36mTRANSACTION (0.1ms)[0m  [1m[35mCOMMIT[0m
  ↳ app/workers/policy_worker.rb:14:in `work'
  [1m[36mTRANSACTION (0.0ms)[0m  [1m[35mBEGIN[0m
  ↳ app/workers/policy_worker.rb:15:in `work'
  [1m[36mVehicle Create (0.3ms)[0m  [1m[32mINSERT INTO "vehicles" ("brand", "model", "year", "plate", "created_at", "updated_at") VALUES ($1, $2, $3, $4, $5, $6) RETURNING "id"[0m  [["brand", "BMW"], ["model", "M1"], ["year", "2015"], ["plate", "ZFS-1453"], ["created_at", "2024-02-23 22:33:23.370799"], ["updated_at", "2024-02-23 22:33:23.370799"]]
  ↳ app/workers/policy_worker.rb:15:in `work'
  [1m[36mTRANSACTION (0.1ms)[0m  [1m[35mCOMMIT[0m
  ↳ app/workers/policy_worker.rb:15:in `work'
  [1m[36mTRANSACTION (0.3ms)[0m  [1m[35mBEGIN[0m
  ↳ app/workers/policy_worker.rb:16:in `work'
  [1m[36mPolicy Create (0.6ms)[0m  [1m[32mINSERT INTO "policies" ("issue_date", "coverage_end", "assured_id", "vehicle_id", "created_at", "updated_at") VALUES ($1, $2, $3, $4, $5, $6) RETURNING "id"[0m  [["issue_date", "2019-03-12"], ["coverage_end", "2020-05-12"], ["assured_id", 12], ["vehicle_id", 12], ["created_at", "2024-02-23 22:33:23.373146"], ["updated_at", "2024-02-23 22:33:23.373146"]]
  ↳ app/workers/policy_worker.rb:16:in `work'
  [1m[36mTRANSACTION (0.1ms)[0m  [1m[35mCOMMIT[0m
  ↳ app/workers/policy_worker.rb:16:in `work'
  [1m[36mTRANSACTION (0.2ms)[0m  [1m[35mBEGIN[0m
  ↳ app/workers/policy_worker.rb:14:in `work'
  [1m[36mAssured Create (1.3ms)[0m  [1m[32mINSERT INTO "assureds" ("name", "cpf", "created_at", "updated_at") VALUES ($1, $2, $3, $4) RETURNING "id"[0m  [["name", "José Hernandes"], ["cpf", "554.074.900-64"], ["created_at", "2024-02-23 22:33:26.628865"], ["updated_at", "2024-02-23 22:33:26.628865"]]
  ↳ app/workers/policy_worker.rb:14:in `work'
  [1m[36mTRANSACTION (0.3ms)[0m  [1m[35mCOMMIT[0m
  ↳ app/workers/policy_worker.rb:14:in `work'
  [1m[36mTRANSACTION (0.2ms)[0m  [1m[35mBEGIN[0m
  ↳ app/workers/policy_worker.rb:15:in `work'
  [1m[36mVehicle Create (0.6ms)[0m  [1m[32mINSERT INTO "vehicles" ("brand", "model", "year", "plate", "created_at", "updated_at") VALUES ($1, $2, $3, $4, $5, $6) RETURNING "id"[0m  [["brand", "BMW"], ["model", "M1"], ["year", "2015"], ["plate", "ZFS-1453"], ["created_at", "2024-02-23 22:33:26.635874"], ["updated_at", "2024-02-23 22:33:26.635874"]]
  ↳ app/workers/policy_worker.rb:15:in `work'
  [1m[36mTRANSACTION (0.2ms)[0m  [1m[35mCOMMIT[0m
  ↳ app/workers/policy_worker.rb:15:in `work'
  [1m[36mTRANSACTION (0.2ms)[0m  [1m[35mBEGIN[0m
  ↳ app/workers/policy_worker.rb:16:in `work'
  [1m[36mPolicy Create (1.0ms)[0m  [1m[32mINSERT INTO "policies" ("issue_date", "coverage_end", "assured_id", "vehicle_id", "created_at", "updated_at") VALUES ($1, $2, $3, $4, $5, $6) RETURNING "id"[0m  [["issue_date", "2019-03-12"], ["coverage_end", "2020-05-12"], ["assured_id", 13], ["vehicle_id", 13], ["created_at", "2024-02-23 22:33:26.640663"], ["updated_at", "2024-02-23 22:33:26.640663"]]
  ↳ app/workers/policy_worker.rb:16:in `work'
  [1m[36mTRANSACTION (0.2ms)[0m  [1m[35mCOMMIT[0m
  ↳ app/workers/policy_worker.rb:16:in `work'
  [1m[36mTRANSACTION (0.1ms)[0m  [1m[35mBEGIN[0m
  ↳ app/workers/policy_worker.rb:14:in `work'
  [1m[36mAssured Create (0.5ms)[0m  [1m[32mINSERT INTO "assureds" ("name", "cpf", "created_at", "updated_at") VALUES ($1, $2, $3, $4) RETURNING "id"[0m  [["name", "José Hernandes"], ["cpf", "554.074.900-64"], ["created_at", "2024-02-23 22:36:26.246720"], ["updated_at", "2024-02-23 22:36:26.246720"]]
  ↳ app/workers/policy_worker.rb:14:in `work'
  [1m[36mTRANSACTION (0.1ms)[0m  [1m[35mCOMMIT[0m
  ↳ app/workers/policy_worker.rb:14:in `work'
  [1m[36mTRANSACTION (0.1ms)[0m  [1m[35mBEGIN[0m
  ↳ app/workers/policy_worker.rb:15:in `work'
  [1m[36mVehicle Create (0.4ms)[0m  [1m[32mINSERT INTO "vehicles" ("brand", "model", "year", "plate", "created_at", "updated_at") VALUES ($1, $2, $3, $4, $5, $6) RETURNING "id"[0m  [["brand", "BMW"], ["model", "M1"], ["year", "2015"], ["plate", "ZFS-1453"], ["created_at", "2024-02-23 22:36:26.249956"], ["updated_at", "2024-02-23 22:36:26.249956"]]
  ↳ app/workers/policy_worker.rb:15:in `work'
  [1m[36mTRANSACTION (0.1ms)[0m  [1m[35mCOMMIT[0m
  ↳ app/workers/policy_worker.rb:15:in `work'
  [1m[36mTRANSACTION (0.1ms)[0m  [1m[35mBEGIN[0m
  ↳ app/workers/policy_worker.rb:16:in `work'
  [1m[36mPolicy Create (0.6ms)[0m  [1m[32mINSERT INTO "policies" ("issue_date", "coverage_end", "assured_id", "vehicle_id", "created_at", "updated_at") VALUES ($1, $2, $3, $4, $5, $6) RETURNING "id"[0m  [["issue_date", "2019-03-12"], ["coverage_end", "2020-05-12"], ["assured_id", 14], ["vehicle_id", 14], ["created_at", "2024-02-23 22:36:26.252726"], ["updated_at", "2024-02-23 22:36:26.252726"]]
  ↳ app/workers/policy_worker.rb:16:in `work'
  [1m[36mTRANSACTION (0.1ms)[0m  [1m[35mCOMMIT[0m
  ↳ app/workers/policy_worker.rb:16:in `work'
  [1m[36mTRANSACTION (0.1ms)[0m  [1m[35mBEGIN[0m
  ↳ app/workers/policy_worker.rb:14:in `work'
  [1m[36mAssured Create (0.5ms)[0m  [1m[32mINSERT INTO "assureds" ("name", "cpf", "created_at", "updated_at") VALUES ($1, $2, $3, $4) RETURNING "id"[0m  [["name", "José Hernandes"], ["cpf", "554.074.900-64"], ["created_at", "2024-02-23 22:37:22.378917"], ["updated_at", "2024-02-23 22:37:22.378917"]]
  ↳ app/workers/policy_worker.rb:14:in `work'
  [1m[36mTRANSACTION (0.1ms)[0m  [1m[35mCOMMIT[0m
  ↳ app/workers/policy_worker.rb:14:in `work'
  [1m[36mTRANSACTION (0.1ms)[0m  [1m[35mBEGIN[0m
  ↳ app/workers/policy_worker.rb:15:in `work'
  [1m[36mVehicle Create (0.3ms)[0m  [1m[32mINSERT INTO "vehicles" ("brand", "model", "year", "plate", "created_at", "updated_at") VALUES ($1, $2, $3, $4, $5, $6) RETURNING "id"[0m  [["brand", "BMW"], ["model", "M1"], ["year", "2015"], ["plate", "ZFS-1453"], ["created_at", "2024-02-23 22:37:22.381408"], ["updated_at", "2024-02-23 22:37:22.381408"]]
  ↳ app/workers/policy_worker.rb:15:in `work'
  [1m[36mTRANSACTION (0.2ms)[0m  [1m[35mCOMMIT[0m
  ↳ app/workers/policy_worker.rb:15:in `work'
  [1m[36mTRANSACTION (0.1ms)[0m  [1m[35mBEGIN[0m
  ↳ app/workers/policy_worker.rb:16:in `work'
  [1m[36mPolicy Create (0.9ms)[0m  [1m[32mINSERT INTO "policies" ("issue_date", "coverage_end", "assured_id", "vehicle_id", "created_at", "updated_at") VALUES ($1, $2, $3, $4, $5, $6) RETURNING "id"[0m  [["issue_date", "2019-03-12"], ["coverage_end", "2020-05-12"], ["assured_id", 15], ["vehicle_id", 15], ["created_at", "2024-02-23 22:37:22.383856"], ["updated_at", "2024-02-23 22:37:22.383856"]]
  ↳ app/workers/policy_worker.rb:16:in `work'
  [1m[36mTRANSACTION (0.1ms)[0m  [1m[35mCOMMIT[0m
  ↳ app/workers/policy_worker.rb:16:in `work'
  [1m[36mTRANSACTION (0.1ms)[0m  [1m[35mBEGIN[0m
  ↳ app/workers/policy_worker.rb:14:in `work'
  [1m[36mAssured Create (0.4ms)[0m  [1m[32mINSERT INTO "assureds" ("name", "cpf", "created_at", "updated_at") VALUES ($1, $2, $3, $4) RETURNING "id"[0m  [["name", "José Hernandes"], ["cpf", "554.074.900-64"], ["created_at", "2024-02-23 22:37:27.441616"], ["updated_at", "2024-02-23 22:37:27.441616"]]
  ↳ app/workers/policy_worker.rb:14:in `work'
  [1m[36mTRANSACTION (0.1ms)[0m  [1m[35mCOMMIT[0m
  ↳ app/workers/policy_worker.rb:14:in `work'
  [1m[36mTRANSACTION (0.1ms)[0m  [1m[35mBEGIN[0m
  ↳ app/workers/policy_worker.rb:15:in `work'
  [1m[36mVehicle Create (0.2ms)[0m  [1m[32mINSERT INTO "vehicles" ("brand", "model", "year", "plate", "created_at", "updated_at") VALUES ($1, $2, $3, $4, $5, $6) RETURNING "id"[0m  [["brand", "BMW"], ["model", "M1"], ["year", "2015"], ["plate", "ZFS-1453"], ["created_at", "2024-02-23 22:37:27.443679"], ["updated_at", "2024-02-23 22:37:27.443679"]]
  ↳ app/workers/policy_worker.rb:15:in `work'
  [1m[36mTRANSACTION (0.1ms)[0m  [1m[35mCOMMIT[0m
  ↳ app/workers/policy_worker.rb:15:in `work'
  [1m[36mTRANSACTION (0.1ms)[0m  [1m[35mBEGIN[0m
  ↳ app/workers/policy_worker.rb:16:in `work'
  [1m[36mPolicy Create (0.6ms)[0m  [1m[32mINSERT INTO "policies" ("issue_date", "coverage_end", "assured_id", "vehicle_id", "created_at", "updated_at") VALUES ($1, $2, $3, $4, $5, $6) RETURNING "id"[0m  [["issue_date", "2019-03-12"], ["coverage_end", "2020-05-12"], ["assured_id", 16], ["vehicle_id", 16], ["created_at", "2024-02-23 22:37:27.445662"], ["updated_at", "2024-02-23 22:37:27.445662"]]
  ↳ app/workers/policy_worker.rb:16:in `work'
  [1m[36mTRANSACTION (0.1ms)[0m  [1m[35mCOMMIT[0m
  ↳ app/workers/policy_worker.rb:16:in `work'
  [1m[36mTRANSACTION (0.1ms)[0m  [1m[35mBEGIN[0m
  ↳ app/workers/policy_worker.rb:14:in `work'
  [1m[36mAssured Create (0.5ms)[0m  [1m[32mINSERT INTO "assureds" ("name", "cpf", "created_at", "updated_at") VALUES ($1, $2, $3, $4) RETURNING "id"[0m  [["name", "José Hernandes"], ["cpf", "554.074.900-64"], ["created_at", "2024-02-23 22:37:28.462042"], ["updated_at", "2024-02-23 22:37:28.462042"]]
  ↳ app/workers/policy_worker.rb:14:in `work'
  [1m[36mTRANSACTION (0.1ms)[0m  [1m[35mCOMMIT[0m
  ↳ app/workers/policy_worker.rb:14:in `work'
  [1m[36mTRANSACTION (0.1ms)[0m  [1m[35mBEGIN[0m
  ↳ app/workers/policy_worker.rb:15:in `work'
  [1m[36mVehicle Create (0.3ms)[0m  [1m[32mINSERT INTO "vehicles" ("brand", "model", "year", "plate", "created_at", "updated_at") VALUES ($1, $2, $3, $4, $5, $6) RETURNING "id"[0m  [["brand", "BMW"], ["model", "M1"], ["year", "2015"], ["plate", "ZFS-1453"], ["created_at", "2024-02-23 22:37:28.464844"], ["updated_at", "2024-02-23 22:37:28.464844"]]
  ↳ app/workers/policy_worker.rb:15:in `work'
  [1m[36mTRANSACTION (0.1ms)[0m  [1m[35mCOMMIT[0m
  ↳ app/workers/policy_worker.rb:15:in `work'
  [1m[36mTRANSACTION (0.1ms)[0m  [1m[35mBEGIN[0m
  ↳ app/workers/policy_worker.rb:16:in `work'
  [1m[36mPolicy Create (1.2ms)[0m  [1m[32mINSERT INTO "policies" ("issue_date", "coverage_end", "assured_id", "vehicle_id", "created_at", "updated_at") VALUES ($1, $2, $3, $4, $5, $6) RETURNING "id"[0m  [["issue_date", "2019-03-12"], ["coverage_end", "2020-05-12"], ["assured_id", 17], ["vehicle_id", 17], ["created_at", "2024-02-23 22:37:28.467620"], ["updated_at", "2024-02-23 22:37:28.467620"]]
  ↳ app/workers/policy_worker.rb:16:in `work'
  [1m[36mTRANSACTION (0.1ms)[0m  [1m[35mCOMMIT[0m
  ↳ app/workers/policy_worker.rb:16:in `work'
  [1m[36mTRANSACTION (0.1ms)[0m  [1m[35mBEGIN[0m
  ↳ app/workers/policy_worker.rb:14:in `work'
  [1m[36mAssured Create (0.6ms)[0m  [1m[32mINSERT INTO "assureds" ("name", "cpf", "created_at", "updated_at") VALUES ($1, $2, $3, $4) RETURNING "id"[0m  [["name", "José Hernandes"], ["cpf", "554.074.900-64"], ["created_at", "2024-02-23 22:37:28.601541"], ["updated_at", "2024-02-23 22:37:28.601541"]]
  ↳ app/workers/policy_worker.rb:14:in `work'
  [1m[36mTRANSACTION (0.1ms)[0m  [1m[35mCOMMIT[0m
  ↳ app/workers/policy_worker.rb:14:in `work'
  [1m[36mTRANSACTION (0.1ms)[0m  [1m[35mBEGIN[0m
  ↳ app/workers/policy_worker.rb:15:in `work'
  [1m[36mVehicle Create (0.2ms)[0m  [1m[32mINSERT INTO "vehicles" ("brand", "model", "year", "plate", "created_at", "updated_at") VALUES ($1, $2, $3, $4, $5, $6) RETURNING "id"[0m  [["brand", "BMW"], ["model", "M1"], ["year", "2015"], ["plate", "ZFS-1453"], ["created_at", "2024-02-23 22:37:28.604262"], ["updated_at", "2024-02-23 22:37:28.604262"]]
  ↳ app/workers/policy_worker.rb:15:in `work'
  [1m[36mTRANSACTION (0.1ms)[0m  [1m[35mCOMMIT[0m
  ↳ app/workers/policy_worker.rb:15:in `work'
  [1m[36mTRANSACTION (0.1ms)[0m  [1m[35mBEGIN[0m
  ↳ app/workers/policy_worker.rb:16:in `work'
  [1m[36mPolicy Create (0.5ms)[0m  [1m[32mINSERT INTO "policies" ("issue_date", "coverage_end", "assured_id", "vehicle_id", "created_at", "updated_at") VALUES ($1, $2, $3, $4, $5, $6) RETURNING "id"[0m  [["issue_date", "2019-03-12"], ["coverage_end", "2020-05-12"], ["assured_id", 18], ["vehicle_id", 18], ["created_at", "2024-02-23 22:37:28.606083"], ["updated_at", "2024-02-23 22:37:28.606083"]]
  ↳ app/workers/policy_worker.rb:16:in `work'
  [1m[36mTRANSACTION (0.1ms)[0m  [1m[35mCOMMIT[0m
  ↳ app/workers/policy_worker.rb:16:in `work'
  [1m[36mTRANSACTION (0.2ms)[0m  [1m[35mBEGIN[0m
  ↳ app/workers/policy_worker.rb:14:in `work'
  [1m[36mAssured Create (0.7ms)[0m  [1m[32mINSERT INTO "assureds" ("name", "cpf", "created_at", "updated_at") VALUES ($1, $2, $3, $4) RETURNING "id"[0m  [["name", "José Hernandes"], ["cpf", "554.074.900-64"], ["created_at", "2024-02-23 22:37:28.766357"], ["updated_at", "2024-02-23 22:37:28.766357"]]
  ↳ app/workers/policy_worker.rb:14:in `work'
  [1m[36mTRANSACTION (0.1ms)[0m  [1m[35mCOMMIT[0m
  ↳ app/workers/policy_worker.rb:14:in `work'
  [1m[36mTRANSACTION (0.1ms)[0m  [1m[35mBEGIN[0m
  ↳ app/workers/policy_worker.rb:15:in `work'
  [1m[36mVehicle Create (0.3ms)[0m  [1m[32mINSERT INTO "vehicles" ("brand", "model", "year", "plate", "created_at", "updated_at") VALUES ($1, $2, $3, $4, $5, $6) RETURNING "id"[0m  [["brand", "BMW"], ["model", "M1"], ["year", "2015"], ["plate", "ZFS-1453"], ["created_at", "2024-02-23 22:37:28.770104"], ["updated_at", "2024-02-23 22:37:28.770104"]]
  ↳ app/workers/policy_worker.rb:15:in `work'
  [1m[36mTRANSACTION (0.1ms)[0m  [1m[35mCOMMIT[0m
  ↳ app/workers/policy_worker.rb:15:in `work'
  [1m[36mTRANSACTION (0.1ms)[0m  [1m[35mBEGIN[0m
  ↳ app/workers/policy_worker.rb:16:in `work'
  [1m[36mPolicy Create (0.5ms)[0m  [1m[32mINSERT INTO "policies" ("issue_date", "coverage_end", "assured_id", "vehicle_id", "created_at", "updated_at") VALUES ($1, $2, $3, $4, $5, $6) RETURNING "id"[0m  [["issue_date", "2019-03-12"], ["coverage_end", "2020-05-12"], ["assured_id", 19], ["vehicle_id", 19], ["created_at", "2024-02-23 22:37:28.772312"], ["updated_at", "2024-02-23 22:37:28.772312"]]
  ↳ app/workers/policy_worker.rb:16:in `work'
  [1m[36mTRANSACTION (0.1ms)[0m  [1m[35mCOMMIT[0m
  ↳ app/workers/policy_worker.rb:16:in `work'
  [1m[36mTRANSACTION (0.1ms)[0m  [1m[35mBEGIN[0m
  ↳ app/workers/policy_worker.rb:14:in `work'
  [1m[36mAssured Create (0.5ms)[0m  [1m[32mINSERT INTO "assureds" ("name", "cpf", "created_at", "updated_at") VALUES ($1, $2, $3, $4) RETURNING "id"[0m  [["name", "José Hernandes"], ["cpf", "554.074.900-64"], ["created_at", "2024-02-23 22:37:28.919468"], ["updated_at", "2024-02-23 22:37:28.919468"]]
  ↳ app/workers/policy_worker.rb:14:in `work'
  [1m[36mTRANSACTION (0.1ms)[0m  [1m[35mCOMMIT[0m
  ↳ app/workers/policy_worker.rb:14:in `work'
  [1m[36mTRANSACTION (0.1ms)[0m  [1m[35mBEGIN[0m
  ↳ app/workers/policy_worker.rb:15:in `work'
  [1m[36mVehicle Create (1.0ms)[0m  [1m[32mINSERT INTO "vehicles" ("brand", "model", "year", "plate", "created_at", "updated_at") VALUES ($1, $2, $3, $4, $5, $6) RETURNING "id"[0m  [["brand", "BMW"], ["model", "M1"], ["year", "2015"], ["plate", "ZFS-1453"], ["created_at", "2024-02-23 22:37:28.922233"], ["updated_at", "2024-02-23 22:37:28.922233"]]
  ↳ app/workers/policy_worker.rb:15:in `work'
  [1m[36mTRANSACTION (0.2ms)[0m  [1m[35mCOMMIT[0m
  ↳ app/workers/policy_worker.rb:15:in `work'
  [1m[36mTRANSACTION (0.2ms)[0m  [1m[35mBEGIN[0m
  ↳ app/workers/policy_worker.rb:16:in `work'
  [1m[36mPolicy Create (0.9ms)[0m  [1m[32mINSERT INTO "policies" ("issue_date", "coverage_end", "assured_id", "vehicle_id", "created_at", "updated_at") VALUES ($1, $2, $3, $4, $5, $6) RETURNING "id"[0m  [["issue_date", "2019-03-12"], ["coverage_end", "2020-05-12"], ["assured_id", 20], ["vehicle_id", 20], ["created_at", "2024-02-23 22:37:28.926032"], ["updated_at", "2024-02-23 22:37:28.926032"]]
  ↳ app/workers/policy_worker.rb:16:in `work'
  [1m[36mTRANSACTION (0.1ms)[0m  [1m[35mCOMMIT[0m
  ↳ app/workers/policy_worker.rb:16:in `work'
  [1m[36mTRANSACTION (0.1ms)[0m  [1m[35mBEGIN[0m
  ↳ app/workers/policy_worker.rb:14:in `work'
  [1m[36mAssured Create (0.6ms)[0m  [1m[32mINSERT INTO "assureds" ("name", "cpf", "created_at", "updated_at") VALUES ($1, $2, $3, $4) RETURNING "id"[0m  [["name", "José Hernandes"], ["cpf", "554.074.900-64"], ["created_at", "2024-02-23 22:37:29.062380"], ["updated_at", "2024-02-23 22:37:29.062380"]]
  ↳ app/workers/policy_worker.rb:14:in `work'
  [1m[36mTRANSACTION (0.1ms)[0m  [1m[35mCOMMIT[0m
  ↳ app/workers/policy_worker.rb:14:in `work'
  [1m[36mTRANSACTION (0.1ms)[0m  [1m[35mBEGIN[0m
  ↳ app/workers/policy_worker.rb:15:in `work'
  [1m[36mVehicle Create (0.4ms)[0m  [1m[32mINSERT INTO "vehicles" ("brand", "model", "year", "plate", "created_at", "updated_at") VALUES ($1, $2, $3, $4, $5, $6) RETURNING "id"[0m  [["brand", "BMW"], ["model", "M1"], ["year", "2015"], ["plate", "ZFS-1453"], ["created_at", "2024-02-23 22:37:29.066194"], ["updated_at", "2024-02-23 22:37:29.066194"]]
  ↳ app/workers/policy_worker.rb:15:in `work'
  [1m[36mTRANSACTION (0.3ms)[0m  [1m[35mCOMMIT[0m
  ↳ app/workers/policy_worker.rb:15:in `work'
  [1m[36mTRANSACTION (0.1ms)[0m  [1m[35mBEGIN[0m
  ↳ app/workers/policy_worker.rb:16:in `work'
  [1m[36mPolicy Create (0.6ms)[0m  [1m[32mINSERT INTO "policies" ("issue_date", "coverage_end", "assured_id", "vehicle_id", "created_at", "updated_at") VALUES ($1, $2, $3, $4, $5, $6) RETURNING "id"[0m  [["issue_date", "2019-03-12"], ["coverage_end", "2020-05-12"], ["assured_id", 21], ["vehicle_id", 21], ["created_at", "2024-02-23 22:37:29.069616"], ["updated_at", "2024-02-23 22:37:29.069616"]]
  ↳ app/workers/policy_worker.rb:16:in `work'
  [1m[36mTRANSACTION (0.1ms)[0m  [1m[35mCOMMIT[0m
  ↳ app/workers/policy_worker.rb:16:in `work'
Started GET "/policies/2" for 172.24.0.6 at 2024-02-23 22:41:38 +0000
Cannot render console from 172.24.0.6! Allowed networks: 127.0.0.0/127.255.255.255, ::1
Processing by PoliciesController#show as */*
  Parameters: {"id"=>"2"}
  [1m[36mPolicy Load (0.5ms)[0m  [1m[34mSELECT "policies".* FROM "policies" WHERE "policies"."id" = $1 LIMIT $2[0m  [["id", 2], ["LIMIT", 1]]
  ↳ app/controllers/policies_controller.rb:3:in `show'
  [1m[36mAssured Load (0.3ms)[0m  [1m[34mSELECT "assureds".* FROM "assureds" WHERE "assureds"."id" = $1 LIMIT $2[0m  [["id", 2], ["LIMIT", 1]]
  ↳ app/controllers/policies_controller.rb:15:in `success'
  [1m[36mVehicle Load (0.2ms)[0m  [1m[34mSELECT "vehicles".* FROM "vehicles" WHERE "vehicles"."id" = $1 LIMIT $2[0m  [["id", 2], ["LIMIT", 1]]
  ↳ app/controllers/policies_controller.rb:19:in `success'
Completed 200 OK in 18ms (Views: 0.1ms | ActiveRecord: 5.2ms | Allocations: 4924)


Started GET "/policies/2" for 172.24.0.6 at 2024-02-23 22:41:39 +0000
Cannot render console from 172.24.0.6! Allowed networks: 127.0.0.0/127.255.255.255, ::1
Processing by PoliciesController#show as */*
  Parameters: {"id"=>"2"}
  [1m[36mPolicy Load (0.2ms)[0m  [1m[34mSELECT "policies".* FROM "policies" WHERE "policies"."id" = $1 LIMIT $2[0m  [["id", 2], ["LIMIT", 1]]
  ↳ app/controllers/policies_controller.rb:3:in `show'
  [1m[36mAssured Load (0.2ms)[0m  [1m[34mSELECT "assureds".* FROM "assureds" WHERE "assureds"."id" = $1 LIMIT $2[0m  [["id", 2], ["LIMIT", 1]]
  ↳ app/controllers/policies_controller.rb:15:in `success'
  [1m[36mVehicle Load (0.1ms)[0m  [1m[34mSELECT "vehicles".* FROM "vehicles" WHERE "vehicles"."id" = $1 LIMIT $2[0m  [["id", 2], ["LIMIT", 1]]
  ↳ app/controllers/policies_controller.rb:19:in `success'
Completed 200 OK in 3ms (Views: 0.1ms | ActiveRecord: 0.5ms | Allocations: 2010)


Started GET "/policies/2" for 172.24.0.6 at 2024-02-23 22:41:39 +0000
Cannot render console from 172.24.0.6! Allowed networks: 127.0.0.0/127.255.255.255, ::1
Processing by PoliciesController#show as */*
  Parameters: {"id"=>"2"}
  [1m[36mPolicy Load (0.3ms)[0m  [1m[34mSELECT "policies".* FROM "policies" WHERE "policies"."id" = $1 LIMIT $2[0m  [["id", 2], ["LIMIT", 1]]
  ↳ app/controllers/policies_controller.rb:3:in `show'
  [1m[36mAssured Load (0.2ms)[0m  [1m[34mSELECT "assureds".* FROM "assureds" WHERE "assureds"."id" = $1 LIMIT $2[0m  [["id", 2], ["LIMIT", 1]]
  ↳ app/controllers/policies_controller.rb:15:in `success'
  [1m[36mVehicle Load (0.3ms)[0m  [1m[34mSELECT "vehicles".* FROM "vehicles" WHERE "vehicles"."id" = $1 LIMIT $2[0m  [["id", 2], ["LIMIT", 1]]
  ↳ app/controllers/policies_controller.rb:19:in `success'
Completed 200 OK in 4ms (Views: 0.2ms | ActiveRecord: 0.8ms | Allocations: 2010)


Started GET "/policies/2" for 172.24.0.6 at 2024-02-23 22:46:15 +0000
Cannot render console from 172.24.0.6! Allowed networks: 127.0.0.0/127.255.255.255, ::1
Processing by PoliciesController#show as */*
  Parameters: {"id"=>"2"}
  [1m[36mPolicy Load (0.2ms)[0m  [1m[34mSELECT "policies".* FROM "policies" WHERE "policies"."id" = $1 LIMIT $2[0m  [["id", 2], ["LIMIT", 1]]
  ↳ app/controllers/policies_controller.rb:3:in `show'
  [1m[36mAssured Load (0.1ms)[0m  [1m[34mSELECT "assureds".* FROM "assureds" WHERE "assureds"."id" = $1 LIMIT $2[0m  [["id", 2], ["LIMIT", 1]]
  ↳ app/controllers/policies_controller.rb:15:in `success'
  [1m[36mVehicle Load (0.2ms)[0m  [1m[34mSELECT "vehicles".* FROM "vehicles" WHERE "vehicles"."id" = $1 LIMIT $2[0m  [["id", 2], ["LIMIT", 1]]
  ↳ app/controllers/policies_controller.rb:19:in `success'
Completed 200 OK in 3ms (Views: 0.2ms | ActiveRecord: 0.5ms | Allocations: 2010)


Started GET "/policies/2" for 172.24.0.6 at 2024-02-23 22:49:31 +0000
Cannot render console from 172.24.0.6! Allowed networks: 127.0.0.0/127.255.255.255, ::1
Processing by PoliciesController#show as */*
  Parameters: {"id"=>"2"}
  [1m[36mPolicy Load (0.2ms)[0m  [1m[34mSELECT "policies".* FROM "policies" WHERE "policies"."id" = $1 LIMIT $2[0m  [["id", 2], ["LIMIT", 1]]
  ↳ app/controllers/policies_controller.rb:3:in `show'
  [1m[36mAssured Load (0.1ms)[0m  [1m[34mSELECT "assureds".* FROM "assureds" WHERE "assureds"."id" = $1 LIMIT $2[0m  [["id", 2], ["LIMIT", 1]]
  ↳ app/controllers/policies_controller.rb:15:in `success'
  [1m[36mVehicle Load (0.1ms)[0m  [1m[34mSELECT "vehicles".* FROM "vehicles" WHERE "vehicles"."id" = $1 LIMIT $2[0m  [["id", 2], ["LIMIT", 1]]
  ↳ app/controllers/policies_controller.rb:19:in `success'
Completed 200 OK in 3ms (Views: 0.1ms | ActiveRecord: 0.4ms | Allocations: 2010)


Started GET "/policies/2" for 172.24.0.6 at 2024-02-23 22:49:32 +0000
Cannot render console from 172.24.0.6! Allowed networks: 127.0.0.0/127.255.255.255, ::1
Processing by PoliciesController#show as */*
  Parameters: {"id"=>"2"}
  [1m[36mPolicy Load (0.2ms)[0m  [1m[34mSELECT "policies".* FROM "policies" WHERE "policies"."id" = $1 LIMIT $2[0m  [["id", 2], ["LIMIT", 1]]
  ↳ app/controllers/policies_controller.rb:3:in `show'
  [1m[36mAssured Load (0.2ms)[0m  [1m[34mSELECT "assureds".* FROM "assureds" WHERE "assureds"."id" = $1 LIMIT $2[0m  [["id", 2], ["LIMIT", 1]]
  ↳ app/controllers/policies_controller.rb:15:in `success'
  [1m[36mVehicle Load (0.1ms)[0m  [1m[34mSELECT "vehicles".* FROM "vehicles" WHERE "vehicles"."id" = $1 LIMIT $2[0m  [["id", 2], ["LIMIT", 1]]
  ↳ app/controllers/policies_controller.rb:19:in `success'
Completed 200 OK in 3ms (Views: 0.1ms | ActiveRecord: 0.5ms | Allocations: 2010)


Started GET "/policies/2" for 172.24.0.6 at 2024-02-23 22:49:34 +0000
Cannot render console from 172.24.0.6! Allowed networks: 127.0.0.0/127.255.255.255, ::1
Processing by PoliciesController#show as */*
  Parameters: {"id"=>"2"}
  [1m[36mPolicy Load (0.2ms)[0m  [1m[34mSELECT "policies".* FROM "policies" WHERE "policies"."id" = $1 LIMIT $2[0m  [["id", 2], ["LIMIT", 1]]
  ↳ app/controllers/policies_controller.rb:3:in `show'
  [1m[36mAssured Load (0.2ms)[0m  [1m[34mSELECT "assureds".* FROM "assureds" WHERE "assureds"."id" = $1 LIMIT $2[0m  [["id", 2], ["LIMIT", 1]]
  ↳ app/controllers/policies_controller.rb:15:in `success'
  [1m[36mVehicle Load (0.2ms)[0m  [1m[34mSELECT "vehicles".* FROM "vehicles" WHERE "vehicles"."id" = $1 LIMIT $2[0m  [["id", 2], ["LIMIT", 1]]
  ↳ app/controllers/policies_controller.rb:19:in `success'
Completed 200 OK in 5ms (Views: 0.2ms | ActiveRecord: 0.5ms | Allocations: 2010)


Started GET "/policies/2" for 172.24.0.6 at 2024-02-23 22:49:40 +0000
Cannot render console from 172.24.0.6! Allowed networks: 127.0.0.0/127.255.255.255, ::1
Processing by PoliciesController#show as */*
  Parameters: {"id"=>"2"}
  [1m[36mPolicy Load (0.2ms)[0m  [1m[34mSELECT "policies".* FROM "policies" WHERE "policies"."id" = $1 LIMIT $2[0m  [["id", 2], ["LIMIT", 1]]
  ↳ app/controllers/policies_controller.rb:3:in `show'
  [1m[36mAssured Load (0.2ms)[0m  [1m[34mSELECT "assureds".* FROM "assureds" WHERE "assureds"."id" = $1 LIMIT $2[0m  [["id", 2], ["LIMIT", 1]]
  ↳ app/controllers/policies_controller.rb:15:in `success'
  [1m[36mVehicle Load (0.1ms)[0m  [1m[34mSELECT "vehicles".* FROM "vehicles" WHERE "vehicles"."id" = $1 LIMIT $2[0m  [["id", 2], ["LIMIT", 1]]
  ↳ app/controllers/policies_controller.rb:19:in `success'
Completed 200 OK in 4ms (Views: 0.2ms | ActiveRecord: 0.5ms | Allocations: 2010)


Started GET "/policies/2" for 172.24.0.6 at 2024-02-23 22:56:24 +0000
Cannot render console from 172.24.0.6! Allowed networks: 127.0.0.0/127.255.255.255, ::1
Processing by PoliciesController#show as */*
  Parameters: {"id"=>"2"}
  [1m[36mPolicy Load (0.2ms)[0m  [1m[34mSELECT "policies".* FROM "policies" WHERE "policies"."id" = $1 LIMIT $2[0m  [["id", 2], ["LIMIT", 1]]
  ↳ app/controllers/policies_controller.rb:3:in `show'
  [1m[36mAssured Load (0.1ms)[0m  [1m[34mSELECT "assureds".* FROM "assureds" WHERE "assureds"."id" = $1 LIMIT $2[0m  [["id", 2], ["LIMIT", 1]]
  ↳ app/controllers/policies_controller.rb:15:in `success'
  [1m[36mVehicle Load (0.1ms)[0m  [1m[34mSELECT "vehicles".* FROM "vehicles" WHERE "vehicles"."id" = $1 LIMIT $2[0m  [["id", 2], ["LIMIT", 1]]
  ↳ app/controllers/policies_controller.rb:19:in `success'
Completed 200 OK in 19ms (Views: 0.1ms | ActiveRecord: 5.6ms | Allocations: 4926)


Started GET "/policies/2" for 172.24.0.6 at 2024-02-23 22:56:26 +0000
Cannot render console from 172.24.0.6! Allowed networks: 127.0.0.0/127.255.255.255, ::1
Processing by PoliciesController#show as */*
  Parameters: {"id"=>"2"}
  [1m[36mPolicy Load (0.2ms)[0m  [1m[34mSELECT "policies".* FROM "policies" WHERE "policies"."id" = $1 LIMIT $2[0m  [["id", 2], ["LIMIT", 1]]
  ↳ app/controllers/policies_controller.rb:3:in `show'
  [1m[36mAssured Load (0.2ms)[0m  [1m[34mSELECT "assureds".* FROM "assureds" WHERE "assureds"."id" = $1 LIMIT $2[0m  [["id", 2], ["LIMIT", 1]]
  ↳ app/controllers/policies_controller.rb:15:in `success'
  [1m[36mVehicle Load (0.2ms)[0m  [1m[34mSELECT "vehicles".* FROM "vehicles" WHERE "vehicles"."id" = $1 LIMIT $2[0m  [["id", 2], ["LIMIT", 1]]
  ↳ app/controllers/policies_controller.rb:19:in `success'
Completed 200 OK in 4ms (Views: 0.2ms | ActiveRecord: 0.6ms | Allocations: 2011)


Started GET "/policies/2" for 172.24.0.6 at 2024-02-23 22:56:26 +0000
Cannot render console from 172.24.0.6! Allowed networks: 127.0.0.0/127.255.255.255, ::1
Processing by PoliciesController#show as */*
  Parameters: {"id"=>"2"}
  [1m[36mPolicy Load (0.3ms)[0m  [1m[34mSELECT "policies".* FROM "policies" WHERE "policies"."id" = $1 LIMIT $2[0m  [["id", 2], ["LIMIT", 1]]
  ↳ app/controllers/policies_controller.rb:3:in `show'
  [1m[36mAssured Load (0.2ms)[0m  [1m[34mSELECT "assureds".* FROM "assureds" WHERE "assureds"."id" = $1 LIMIT $2[0m  [["id", 2], ["LIMIT", 1]]
  ↳ app/controllers/policies_controller.rb:15:in `success'
  [1m[36mVehicle Load (0.2ms)[0m  [1m[34mSELECT "vehicles".* FROM "vehicles" WHERE "vehicles"."id" = $1 LIMIT $2[0m  [["id", 2], ["LIMIT", 1]]
  ↳ app/controllers/policies_controller.rb:19:in `success'
Completed 200 OK in 4ms (Views: 0.2ms | ActiveRecord: 0.6ms | Allocations: 2011)


Started GET "/policies/2" for 172.24.0.6 at 2024-02-23 22:56:26 +0000
Cannot render console from 172.24.0.6! Allowed networks: 127.0.0.0/127.255.255.255, ::1
Processing by PoliciesController#show as */*
  Parameters: {"id"=>"2"}
  [1m[36mPolicy Load (0.8ms)[0m  [1m[34mSELECT "policies".* FROM "policies" WHERE "policies"."id" = $1 LIMIT $2[0m  [["id", 2], ["LIMIT", 1]]
  ↳ app/controllers/policies_controller.rb:3:in `show'
  [1m[36mAssured Load (0.2ms)[0m  [1m[34mSELECT "assureds".* FROM "assureds" WHERE "assureds"."id" = $1 LIMIT $2[0m  [["id", 2], ["LIMIT", 1]]
  ↳ app/controllers/policies_controller.rb:15:in `success'
  [1m[36mVehicle Load (0.1ms)[0m  [1m[34mSELECT "vehicles".* FROM "vehicles" WHERE "vehicles"."id" = $1 LIMIT $2[0m  [["id", 2], ["LIMIT", 1]]
  ↳ app/controllers/policies_controller.rb:19:in `success'
Completed 200 OK in 5ms (Views: 0.3ms | ActiveRecord: 1.1ms | Allocations: 2012)


Started GET "/policies/2" for 172.24.0.6 at 2024-02-23 22:56:26 +0000
Cannot render console from 172.24.0.6! Allowed networks: 127.0.0.0/127.255.255.255, ::1
Processing by PoliciesController#show as */*
  Parameters: {"id"=>"2"}
  [1m[36mPolicy Load (0.2ms)[0m  [1m[34mSELECT "policies".* FROM "policies" WHERE "policies"."id" = $1 LIMIT $2[0m  [["id", 2], ["LIMIT", 1]]
  ↳ app/controllers/policies_controller.rb:3:in `show'
  [1m[36mAssured Load (0.2ms)[0m  [1m[34mSELECT "assureds".* FROM "assureds" WHERE "assureds"."id" = $1 LIMIT $2[0m  [["id", 2], ["LIMIT", 1]]
  ↳ app/controllers/policies_controller.rb:15:in `success'
  [1m[36mVehicle Load (0.3ms)[0m  [1m[34mSELECT "vehicles".* FROM "vehicles" WHERE "vehicles"."id" = $1 LIMIT $2[0m  [["id", 2], ["LIMIT", 1]]
  ↳ app/controllers/policies_controller.rb:19:in `success'
Completed 200 OK in 4ms (Views: 0.3ms | ActiveRecord: 0.7ms | Allocations: 2011)


Started GET "/policies/2" for 172.24.0.6 at 2024-02-23 22:56:46 +0000
Cannot render console from 172.24.0.6! Allowed networks: 127.0.0.0/127.255.255.255, ::1
Processing by PoliciesController#show as */*
  Parameters: {"id"=>"2"}
  [1m[36mPolicy Load (0.2ms)[0m  [1m[34mSELECT "policies".* FROM "policies" WHERE "policies"."id" = $1 LIMIT $2[0m  [["id", 2], ["LIMIT", 1]]
  ↳ app/controllers/policies_controller.rb:3:in `show'
  [1m[36mAssured Load (0.2ms)[0m  [1m[34mSELECT "assureds".* FROM "assureds" WHERE "assureds"."id" = $1 LIMIT $2[0m  [["id", 2], ["LIMIT", 1]]
  ↳ app/controllers/policies_controller.rb:15:in `success'
  [1m[36mVehicle Load (0.1ms)[0m  [1m[34mSELECT "vehicles".* FROM "vehicles" WHERE "vehicles"."id" = $1 LIMIT $2[0m  [["id", 2], ["LIMIT", 1]]
  ↳ app/controllers/policies_controller.rb:19:in `success'
Completed 200 OK in 3ms (Views: 0.1ms | ActiveRecord: 0.5ms | Allocations: 2011)


Started GET "/policies/2" for 172.24.0.6 at 2024-02-23 22:56:46 +0000
Cannot render console from 172.24.0.6! Allowed networks: 127.0.0.0/127.255.255.255, ::1
Processing by PoliciesController#show as */*
  Parameters: {"id"=>"2"}
  [1m[36mPolicy Load (0.3ms)[0m  [1m[34mSELECT "policies".* FROM "policies" WHERE "policies"."id" = $1 LIMIT $2[0m  [["id", 2], ["LIMIT", 1]]
  ↳ app/controllers/policies_controller.rb:3:in `show'
  [1m[36mAssured Load (0.2ms)[0m  [1m[34mSELECT "assureds".* FROM "assureds" WHERE "assureds"."id" = $1 LIMIT $2[0m  [["id", 2], ["LIMIT", 1]]
  ↳ app/controllers/policies_controller.rb:15:in `success'
  [1m[36mVehicle Load (0.1ms)[0m  [1m[34mSELECT "vehicles".* FROM "vehicles" WHERE "vehicles"."id" = $1 LIMIT $2[0m  [["id", 2], ["LIMIT", 1]]
  ↳ app/controllers/policies_controller.rb:19:in `success'
Completed 200 OK in 5ms (Views: 0.1ms | ActiveRecord: 0.6ms | Allocations: 2011)


Started GET "/policies/2" for 172.24.0.6 at 2024-02-23 22:56:50 +0000
Cannot render console from 172.24.0.6! Allowed networks: 127.0.0.0/127.255.255.255, ::1
Processing by PoliciesController#show as */*
  Parameters: {"id"=>"2"}
  [1m[36mPolicy Load (0.1ms)[0m  [1m[34mSELECT "policies".* FROM "policies" WHERE "policies"."id" = $1 LIMIT $2[0m  [["id", 2], ["LIMIT", 1]]
  ↳ app/controllers/policies_controller.rb:3:in `show'
  [1m[36mAssured Load (0.1ms)[0m  [1m[34mSELECT "assureds".* FROM "assureds" WHERE "assureds"."id" = $1 LIMIT $2[0m  [["id", 2], ["LIMIT", 1]]
  ↳ app/controllers/policies_controller.rb:15:in `success'
  [1m[36mVehicle Load (0.1ms)[0m  [1m[34mSELECT "vehicles".* FROM "vehicles" WHERE "vehicles"."id" = $1 LIMIT $2[0m  [["id", 2], ["LIMIT", 1]]
  ↳ app/controllers/policies_controller.rb:19:in `success'
Completed 200 OK in 3ms (Views: 0.1ms | ActiveRecord: 0.3ms | Allocations: 2011)


Started GET "/policies/2" for 172.24.0.6 at 2024-02-23 22:57:08 +0000
Cannot render console from 172.24.0.6! Allowed networks: 127.0.0.0/127.255.255.255, ::1
Processing by PoliciesController#show as */*
  Parameters: {"id"=>"2"}
  [1m[36mPolicy Load (0.1ms)[0m  [1m[34mSELECT "policies".* FROM "policies" WHERE "policies"."id" = $1 LIMIT $2[0m  [["id", 2], ["LIMIT", 1]]
  ↳ app/controllers/policies_controller.rb:3:in `show'
  [1m[36mAssured Load (0.3ms)[0m  [1m[34mSELECT "assureds".* FROM "assureds" WHERE "assureds"."id" = $1 LIMIT $2[0m  [["id", 2], ["LIMIT", 1]]
  ↳ app/controllers/policies_controller.rb:15:in `success'
  [1m[36mVehicle Load (0.1ms)[0m  [1m[34mSELECT "vehicles".* FROM "vehicles" WHERE "vehicles"."id" = $1 LIMIT $2[0m  [["id", 2], ["LIMIT", 1]]
  ↳ app/controllers/policies_controller.rb:19:in `success'
Completed 200 OK in 5ms (Views: 0.2ms | ActiveRecord: 0.6ms | Allocations: 2011)


Started GET "/policies/56" for 172.24.0.6 at 2024-02-23 22:57:14 +0000
Cannot render console from 172.24.0.6! Allowed networks: 127.0.0.0/127.255.255.255, ::1
Processing by PoliciesController#show as */*
  Parameters: {"id"=>"56"}
  [1m[36mPolicy Load (0.1ms)[0m  [1m[34mSELECT "policies".* FROM "policies" WHERE "policies"."id" = $1 LIMIT $2[0m  [["id", 56], ["LIMIT", 1]]
  ↳ app/controllers/policies_controller.rb:3:in `show'
Completed 500 Internal Server Error in 1ms (ActiveRecord: 0.1ms | Allocations: 959)


  
NoMethodError (undefined method `id' for nil:NilClass):
  
app/controllers/policies_controller.rb:11:in `success'
app/controllers/policies_controller.rb:4:in `show'
Started GET "/policies/56" for 172.24.0.6 at 2024-02-23 22:57:25 +0000
Cannot render console from 172.24.0.6! Allowed networks: 127.0.0.0/127.255.255.255, ::1
Processing by PoliciesController#show as */*
  Parameters: {"id"=>"56"}
  [1m[36mPolicy Load (0.1ms)[0m  [1m[34mSELECT "policies".* FROM "policies" WHERE "policies"."id" = $1 LIMIT $2[0m  [["id", 56], ["LIMIT", 1]]
  ↳ app/controllers/policies_controller.rb:3:in `show'
Completed 500 Internal Server Error in 1ms (ActiveRecord: 0.1ms | Allocations: 959)


  
NoMethodError (undefined method `id' for nil:NilClass):
  
app/controllers/policies_controller.rb:11:in `success'
app/controllers/policies_controller.rb:4:in `show'
Started GET "/policies/56" for 172.24.0.6 at 2024-02-23 22:57:42 +0000
Cannot render console from 172.24.0.6! Allowed networks: 127.0.0.0/127.255.255.255, ::1
Processing by PoliciesController#show as */*
  Parameters: {"id"=>"56"}
  [1m[36mPolicy Load (0.1ms)[0m  [1m[34mSELECT "policies".* FROM "policies" WHERE "policies"."id" = $1 LIMIT $2[0m  [["id", 56], ["LIMIT", 1]]
  ↳ app/controllers/policies_controller.rb:3:in `show'
Completed 500 Internal Server Error in 2ms (ActiveRecord: 0.1ms | Allocations: 959)


  
NoMethodError (undefined method `id' for nil:NilClass):
  
app/controllers/policies_controller.rb:11:in `success'
app/controllers/policies_controller.rb:4:in `show'
Started GET "/policies/1" for 172.24.0.6 at 2024-02-23 22:57:46 +0000
Cannot render console from 172.24.0.6! Allowed networks: 127.0.0.0/127.255.255.255, ::1
Processing by PoliciesController#show as */*
  Parameters: {"id"=>"1"}
  [1m[36mPolicy Load (0.1ms)[0m  [1m[34mSELECT "policies".* FROM "policies" WHERE "policies"."id" = $1 LIMIT $2[0m  [["id", 1], ["LIMIT", 1]]
  ↳ app/controllers/policies_controller.rb:3:in `show'
  [1m[36mAssured Load (0.1ms)[0m  [1m[34mSELECT "assureds".* FROM "assureds" WHERE "assureds"."id" = $1 LIMIT $2[0m  [["id", 1], ["LIMIT", 1]]
  ↳ app/controllers/policies_controller.rb:15:in `success'
  [1m[36mVehicle Load (0.1ms)[0m  [1m[34mSELECT "vehicles".* FROM "vehicles" WHERE "vehicles"."id" = $1 LIMIT $2[0m  [["id", 1], ["LIMIT", 1]]
  ↳ app/controllers/policies_controller.rb:19:in `success'
Completed 200 OK in 3ms (Views: 0.1ms | ActiveRecord: 0.3ms | Allocations: 2010)


Started GET "/policies/2" for 172.24.0.6 at 2024-02-23 22:59:18 +0000
Cannot render console from 172.24.0.6! Allowed networks: 127.0.0.0/127.255.255.255, ::1
Processing by PoliciesController#show as */*
  Parameters: {"id"=>"2"}
  [1m[36mPolicy Load (0.2ms)[0m  [1m[34mSELECT "policies".* FROM "policies" WHERE "policies"."id" = $1 LIMIT $2[0m  [["id", 2], ["LIMIT", 1]]
  ↳ app/controllers/policies_controller.rb:3:in `show'
  [1m[36mAssured Load (0.3ms)[0m  [1m[34mSELECT "assureds".* FROM "assureds" WHERE "assureds"."id" = $1 LIMIT $2[0m  [["id", 2], ["LIMIT", 1]]
  ↳ app/controllers/policies_controller.rb:15:in `success'
  [1m[36mVehicle Load (0.2ms)[0m  [1m[34mSELECT "vehicles".* FROM "vehicles" WHERE "vehicles"."id" = $1 LIMIT $2[0m  [["id", 2], ["LIMIT", 1]]
  ↳ app/controllers/policies_controller.rb:19:in `success'
Completed 200 OK in 5ms (Views: 0.2ms | ActiveRecord: 0.6ms | Allocations: 2010)


